# JRE version: OpenJDK Runtime Environment Temurin-17.0.9+9 (17.0.9+9) (build 17.0.9+9)
# Java VM: OpenJDK 64-Bit Server VM Temurin-17.0.9+9 (17.0.9+9, mixed mode, emulated-client, tiered, compressed oops, compressed class ptrs, g1 gc, windows-amd64)
GC Precious Log:
 CPUs: 4 total, 4 available
 Memory: 3953M
 Large Page Support: Disabled
 NUMA Support: Disabled
 Compressed Oops: Enabled (32-bit)
 Heap Region Size: 1M
 Heap Min Capacity: 8M
 Heap Initial Capacity: 62M
 Heap Max Capacity: 1G
 Pre-touch: Disabled
 Parallel Workers: 4
 Concurrent Workers: 1
 Concurrent Refinement Workers: 4
 Periodic GC: Disabled
Heap:
 garbage-first heap   total 122880K, used 35888K [0x00000000c0000000, 0x0000000100000000)
  region size 1024K, 1 young (1024K), 0 survivors (0K)
 Metaspace       used 59276K, committed 59840K, reserved 1114112K
  class space    used 7373K, committed 7616K, reserved 1048576K
GC Heap History (20 events):
Event: 853.404 GC heap before
{Heap before GC invocations=74 (full 42):
 garbage-first heap   total 122880K, used 35888K [0x00000000c0000000, 0x0000000100000000)
  region size 1024K, 1 young (1024K), 0 survivors (0K)
 Metaspace       used 59276K, committed 59840K, reserved 1114112K
  class space    used 7373K, committed 7616K, reserved 1048576K
}
Event: 853.466 GC heap after
{Heap after GC invocations=75 (full 43):
 garbage-first heap   total 122880K, used 35888K [0x00000000c0000000, 0x0000000100000000)
  region size 1024K, 0 young (0K), 0 survivors (0K)
 Metaspace       used 59276K, committed 59840K, reserved 1114112K
  class space    used 7373K, committed 7616K, reserved 1048576K
}
Event: 863.667 GC heap before
{Heap before GC invocations=75 (full 43):
 garbage-first heap   total 122880K, used 35888K [0x00000000c0000000, 0x0000000100000000)
  region size 1024K, 1 young (1024K), 0 survivors (0K)
 Metaspace       used 59276K, committed 59840K, reserved 1114112K
  class space    used 7373K, committed 7616K, reserved 1048576K
}
Event: 863.736 GC heap after
{Heap after GC invocations=76 (full 44):
 garbage-first heap   total 122880K, used 35888K [0x00000000c0000000, 0x0000000100000000)
  region size 1024K, 0 young (0K), 0 survivors (0K)
 Metaspace       used 59276K, committed 59840K, reserved 1114112K
  class space    used 7373K, committed 7616K, reserved 1048576K
}
Event: 873.919 GC heap before
{Heap before GC invocations=76 (full 44):
 garbage-first heap   total 122880K, used 35888K [0x00000000c0000000, 0x0000000100000000)
  region size 1024K, 1 young (1024K), 0 survivors (0K)
 Metaspace       used 59276K, committed 59840K, reserved 1114112K
  class space    used 7373K, committed 7616K, reserved 1048576K
}
Event: 873.969 GC heap after
{Heap after GC invocations=77 (full 45):
 garbage-first heap   total 122880K, used 35888K [0x00000000c0000000, 0x0000000100000000)
  region size 1024K, 0 young (0K), 0 survivors (0K)
 Metaspace       used 59276K, committed 59840K, reserved 1114112K
  class space    used 7373K, committed 7616K, reserved 1048576K
}
Event: 884.595 GC heap before
{Heap before GC invocations=77 (full 45):
 garbage-first heap   total 122880K, used 35888K [0x00000000c0000000, 0x0000000100000000)
  region size 1024K, 1 young (1024K), 0 survivors (0K)
 Metaspace       used 59276K, committed 59840K, reserved 1114112K
  class space    used 7373K, committed 7616K, reserved 1048576K
}
Event: 884.654 GC heap after
{Heap after GC invocations=78 (full 46):
 garbage-first heap   total 122880K, used 35888K [0x00000000c0000000, 0x0000000100000000)
  region size 1024K, 0 young (0K), 0 survivors (0K)
 Metaspace       used 59276K, committed 59840K, reserved 1114112K
  class space    used 7373K, committed 7616K, reserved 1048576K
}
Event: 898.059 GC heap before
{Heap before GC invocations=78 (full 46):
 garbage-first heap   total 122880K, used 35888K [0x00000000c0000000, 0x0000000100000000)
  region size 1024K, 1 young (1024K), 0 survivors (0K)
 Metaspace       used 59276K, committed 59840K, reserved 1114112K
  class space    used 7373K, committed 7616K, reserved 1048576K
}
Event: 898.343 GC heap after
{Heap after GC invocations=79 (full 47):
 garbage-first heap   total 122880K, used 35888K [0x00000000c0000000, 0x0000000100000000)
  region size 1024K, 0 young (0K), 0 survivors (0K)
 Metaspace       used 59276K, committed 59840K, reserved 1114112K
  class space    used 7373K, committed 7616K, reserved 1048576K
}
Event: 908.708 GC heap before
{Heap before GC invocations=79 (full 47):
 garbage-first heap   total 122880K, used 35888K [0x00000000c0000000, 0x0000000100000000)
  region size 1024K, 1 young (1024K), 0 survivors (0K)
 Metaspace       used 59276K, committed 59840K, reserved 1114112K
  class space    used 7373K, committed 7616K, reserved 1048576K
}
Event: 908.769 GC heap after
{Heap after GC invocations=80 (full 48):
 garbage-first heap   total 122880K, used 35888K [0x00000000c0000000, 0x0000000100000000)
  region size 1024K, 0 young (0K), 0 survivors (0K)
 Metaspace       used 59276K, committed 59840K, reserved 1114112K
  class space    used 7373K, committed 7616K, reserved 1048576K
}
Event: 919.528 GC heap before
{Heap before GC invocations=80 (full 48):
 garbage-first heap   total 122880K, used 35888K [0x00000000c0000000, 0x0000000100000000)
  region size 1024K, 1 young (1024K), 0 survivors (0K)
 Metaspace       used 59276K, committed 59840K, reserved 1114112K
  class space    used 7373K, committed 7616K, reserved 1048576K
}
Event: 919.853 GC heap after
{Heap after GC invocations=81 (full 49):
 garbage-first heap   total 122880K, used 35888K [0x00000000c0000000, 0x0000000100000000)
  region size 1024K, 0 young (0K), 0 survivors (0K)
 Metaspace       used 59276K, committed 59840K, reserved 1114112K
  class space    used 7373K, committed 7616K, reserved 1048576K
}
Event: 930.323 GC heap before
{Heap before GC invocations=81 (full 49):
 garbage-first heap   total 122880K, used 35888K [0x00000000c0000000, 0x0000000100000000)
  region size 1024K, 1 young (1024K), 0 survivors (0K)
 Metaspace       used 59276K, committed 59840K, reserved 1114112K
  class space    used 7373K, committed 7616K, reserved 1048576K
}
Event: 930.412 GC heap after
{Heap after GC invocations=82 (full 50):
 garbage-first heap   total 122880K, used 35888K [0x00000000c0000000, 0x0000000100000000)
  region size 1024K, 0 young (0K), 0 survivors (0K)
 Metaspace       used 59276K, committed 59840K, reserved 1114112K
  class space    used 7373K, committed 7616K, reserved 1048576K
}
Event: 940.572 GC heap before
{Heap before GC invocations=82 (full 50):
 garbage-first heap   total 122880K, used 35888K [0x00000000c0000000, 0x0000000100000000)
  region size 1024K, 1 young (1024K), 0 survivors (0K)
 Metaspace       used 59276K, committed 59840K, reserved 1114112K
  class space    used 7373K, committed 7616K, reserved 1048576K
}
Event: 940.623 GC heap after
{Heap after GC invocations=83 (full 51):
 garbage-first heap   total 122880K, used 35888K [0x00000000c0000000, 0x0000000100000000)
  region size 1024K, 0 young (0K), 0 survivors (0K)
 Metaspace       used 59276K, committed 59840K, reserved 1114112K
  class space    used 7373K, committed 7616K, reserved 1048576K
}
Event: 950.853 GC heap before
{Heap before GC invocations=83 (full 51):
 garbage-first heap   total 122880K, used 35888K [0x00000000c0000000, 0x0000000100000000)
  region size 1024K, 1 young (1024K), 0 survivors (0K)
 Metaspace       used 59276K, committed 59840K, reserved 1114112K
  class space    used 7373K, committed 7616K, reserved 1048576K
}
Event: 951.101 GC heap after
{Heap after GC invocations=84 (full 52):
 garbage-first heap   total 122880K, used 35888K [0x00000000c0000000, 0x0000000100000000)
  region size 1024K, 0 young (0K), 0 survivors (0K)
 Metaspace       used 59276K, committed 59840K, reserved 1114112K
  class space    used 7373K, committed 7616K, reserved 1048576K
}

